Gaussian Blur scalability + correctness report
Blur radius: 7, pixel tolerance: 1
Max OMP threads available: 32
Images scanned: 4 in images/

=== large.jpg (2400x1800, radius=7) ===
Threads  | Time(s)    | Speedup  | Efficiency | Correctness
---------+------------+----------+------------+----------------------
1        | 1.6636     | 1.000    | 1.000      | reference (blur OK)
2        | 0.8330     | 1.997    | 0.999      | OK (matches T=1)
4        | 0.4174     | 3.986    | 0.996      | OK (matches T=1)
8        | 0.2093     | 7.950    | 0.994      | OK (matches T=1)
16       | 0.1616     | 10.292   | 0.643      | OK (matches T=1)

=== medium.jpg (1600x1200, radius=7) ===
Threads  | Time(s)    | Speedup  | Efficiency | Correctness
---------+------------+----------+------------+----------------------
1        | 0.7346     | 1.000    | 1.000      | reference (blur OK)
2        | 0.3669     | 2.002    | 1.001      | OK (matches T=1)
4        | 0.1834     | 4.005    | 1.001      | OK (matches T=1)
8        | 0.0921     | 7.973    | 0.997      | OK (matches T=1)
16       | 0.0470     | 15.618   | 0.976      | OK (matches T=1)

=== small.jpg (800x600, radius=7) ===
Threads  | Time(s)    | Speedup  | Efficiency | Correctness
---------+------------+----------+------------+----------------------
1        | 0.1800     | 1.000    | 1.000      | reference (blur OK)
2        | 0.0899     | 2.001    | 1.001      | OK (matches T=1)
4        | 0.0453     | 3.970    | 0.993      | OK (matches T=1)
8        | 0.0228     | 7.899    | 0.987      | OK (matches T=1)
16       | 0.0121     | 14.839   | 0.927      | OK (matches T=1)

=== xlarge.jpg (3200x2400, radius=7) ===
Threads  | Time(s)    | Speedup  | Efficiency | Correctness
---------+------------+----------+------------+----------------------
1        | 2.9693     | 1.000    | 1.000      | reference (blur OK)
2        | 1.4851     | 1.999    | 1.000      | OK (matches T=1)
4        | 0.7423     | 4.000    | 1.000      | OK (matches T=1)
8        | 0.3739     | 7.941    | 0.993      | OK (matches T=1)
16       | 0.1901     | 15.620   | 0.976      | OK (matches T=1)
